#
# A fatal error has been detected by the Java Runtime Environment:
#
#  EXCEPTION_ACCESS_VIOLATION (0xc0000005) at pc=0x00007ffb6b60f49a, pid=3720, tid=4688
#
# JRE version: OpenJDK Runtime Environment (11.0.12+7) (build 11.0.12+7-b1504.28-7817840)
# Java VM: OpenJDK 64-Bit Server VM (11.0.12+7-b1504.28-7817840, mixed mode, tiered, compressed oops, g1 gc, windows-amd64)
# Problematic frame:
# V  [jvm.dll+0x64f49a]
#
# No core dump will be written. Minidumps are not enabled by default on client versions of Windows
#
# If you would like to submit a bug report, please visit:
#   https://bugreport.java.com/bugreport/crash.jsp
#

---------------  S U M M A R Y ------------

Command Line: --add-opens=java.base/java.util=ALL-UNNAMED --add-opens=java.base/java.lang=ALL-UNNAMED --add-opens=java.base/java.lang.invoke=ALL-UNNAMED --add-opens=java.base/java.util=ALL-UNNAMED --add-opens=java.prefs/java.util.prefs=ALL-UNNAMED --add-opens=java.prefs/java.util.prefs=ALL-UNNAMED --add-opens=java.base/java.nio.charset=ALL-UNNAMED --add-opens=java.base/java.net=ALL-UNNAMED --add-opens=java.base/java.util.concurrent.atomic=ALL-UNNAMED -Xmx2048m -Dfile.encoding=UTF-8 -Duser.country=US -Duser.language=en -Duser.variant org.gradle.launcher.daemon.bootstrap.GradleDaemon 7.3.3

Host: Intel(R) Core(TM) i5-3230M CPU @ 2.60GHz, 4 cores, 7G,  Windows 10 , 64 bit Build 19041 (10.0.19041.1706)
Time: Thu Sep 22 22:16:40 2022 India Standard Time elapsed time: 30.271015 seconds (0d 0h 0m 30s)

---------------  T H R E A D  ---------------

Current thread (0x000001c25c322800):  JavaThread "C2 CompilerThread1" daemon [_thread_in_native, id=4688, stack(0x000000393bd00000,0x000000393be00000)]


Current CompileTask:
C2:  30271 7131       4       java.lang.Class::annotationData (44 bytes)

Stack: [0x000000393bd00000,0x000000393be00000],  sp=0x000000393bdfb910,  free space=1006k
Native frames: (J=compiled Java code, j=interpreted, Vv=VM code, C=native code)
V  [jvm.dll+0x64f49a]
V  [jvm.dll+0x19cde8]
V  [jvm.dll+0x20070e]
V  [jvm.dll+0x1ff794]
V  [jvm.dll+0x18868c]
V  [jvm.dll+0x20e0d7]
V  [jvm.dll+0x20c901]
V  [jvm.dll+0x6f9b7f]
V  [jvm.dll+0x6f26a5]
V  [jvm.dll+0x5fabf6]
C  [ucrtbase.dll+0x21bb2]
C  [KERNEL32.DLL+0x17034]
C  [ntdll.dll+0x52651]


siginfo: EXCEPTION_ACCESS_VIOLATION (0xc0000005), reading address 0x0000000000000028


Register to memory mapping:

RIP=0x00007ffb6b60f49a jvm.dll
RAX=0x000001c25ea5aba0 points into unknown readable memory: 0x0000000000000000 | 00 00 00 00 00 00 00 00
RBX=0x000001c25c7246a0 points into unknown readable memory: 0x00007ffb6b7b50e0 | e0 50 7b 6b fb 7f 00 00
RCX=0x0 is NULL
RDX=0x0 is NULL
RSP=0x000000393bdfb910 is pointing into the stack for thread: 0x000001c25c322800
RBP=0x000000393bdfba10 is pointing into the stack for thread: 0x000001c25c322800
RSI=0x000001c25aeaa1a8 points into unknown readable memory: 0x00007ffb6b7b9818 | 18 98 7b 6b fb 7f 00 00
RDI=0x0000000000000013 is an unknown value
R8 =0x0 is NULL
R9 =0x000001c25b00ea40 points into unknown readable memory: 0x000001c25c724f60 | 60 4f 72 5c c2 01 00 00
R10=0x000001c25c725000 points into unknown readable memory: 0x000001c25c724f60 | 60 4f 72 5c c2 01 00 00
R11=0x000001c25c725028 points into unknown readable memory: 0x000001c25aea86d0 | d0 86 ea 5a c2 01 00 00
R12=0x000001c25b00e9d0 points into unknown readable memory: 0x00007ffb6b744200 | 00 42 74 6b fb 7f 00 00
R13=0x0000000000004003 is an unknown value
R14=0x0000000000000003 is an unknown value
R15=0x000000393bdfc190 is pointing into the stack for thread: 0x000001c25c322800


Registers:
RAX=0x000001c25ea5aba0, RBX=0x000001c25c7246a0, RCX=0x0000000000000000, RDX=0x0000000000000000
RSP=0x000000393bdfb910, RBP=0x000000393bdfba10, RSI=0x000001c25aeaa1a8, RDI=0x0000000000000013
R8 =0x0000000000000000, R9 =0x000001c25b00ea40, R10=0x000001c25c725000, R11=0x000001c25c725028
R12=0x000001c25b00e9d0, R13=0x0000000000004003, R14=0x0000000000000003, R15=0x000000393bdfc190
RIP=0x00007ffb6b60f49a, EFLAGS=0x0000000000010283

Top of Stack: (sp=0x000000393bdfb910)
0x000000393bdfb910:   000000393bdfba10 0000000000000007
0x000000393bdfb920:   000000393bdfc190 000001c25c7246a0
0x000000393bdfb930:   000001c25b00e9d0 000001c200000002
0x000000393bdfb940:   000001c2000033cb 000000393bdfba01
0x000000393bdfb950:   000001c200000001 000000393bdfbc40
0x000000393bdfb960:   000001c200000009 00007ffb6b08035c
0x000000393bdfb970:   000001c200000003 000001c25aeaa1a8
0x000000393bdfb980:   0000000900004003 0000000000000000
0x000000393bdfb990:   00004003000000c1 0000000000000003
0x000000393bdfb9a0:   0000000000000000 000001c25b00e9d0
0x000000393bdfb9b0:   000001c25eeeb9c0 0000000000000009
0x000000393bdfb9c0:   000001c25aeaa1b8 00007ffb000006e2
0x000000393bdfb9d0:   000001c2580b6bc0 000017d500000000
0x000000393bdfb9e0:   000000393bdfbed0 00007ffb00000014
0x000000393bdfb9f0:   000001c25e5b2620 000001c258890480
0x000000393bdfba00:   0000000000000045 000001c258888ce0 

Instructions: (pc=0x00007ffb6b60f49a)
0x00007ffb6b60f39a:   fd ff 4d 8b 44 24 08 49 8b 0c d8 48 85 c9 74 2c
0x00007ffb6b60f3aa:   48 8b 79 10 48 85 ff 74 23 8b 41 20 48 8d 14 c7
0x00007ffb6b60f3ba:   66 0f 1f 44 00 00 4c 39 62 f8 48 8d 52 f8 75 f6
0x00007ffb6b60f3ca:   ff c8 89 41 20 48 8b 0c c7 48 89 0a 8b 95 38 03
0x00007ffb6b60f3da:   00 00 4c 8d 6e 10 33 c0 49 8b cd 49 89 04 d8 e8
0x00007ffb6b60f3ea:   32 c8 f8 ff 41 ff 4d 18 8b 85 38 03 00 00 ff 4e
0x00007ffb6b60f3fa:   70 ff c8 ff 4e 78 ff c0 89 85 38 03 00 00 e9 f3
0x00007ffb6b60f40a:   fa ff ff 41 8b 44 24 2c 83 e0 7f 3c 4a 0f 84 29
0x00007ffb6b60f41a:   05 00 00 49 8b 04 24 49 8b cc ff 90 88 00 00 00
0x00007ffb6b60f42a:   48 89 44 24 78 4c 8b c0 48 85 c0 74 12 48 8b c8
0x00007ffb6b60f43a:   e8 d1 e9 b3 ff 4c 8b 44 24 78 44 8b e8 eb 03 45
0x00007ffb6b60f44a:   8b ee 41 8d 46 ff 44 89 6c 24 70 41 be 01 00 00
0x00007ffb6b60f45a:   00 89 45 10 44 89 74 24 60 44 39 75 84 0f 86 d1
0x00007ffb6b60f46a:   04 00 00 0f 1f 00 44 3b f0 76 0e 41 8b c6 41 2b
0x00007ffb6b60f47a:   c5 a8 01 0f 84 a6 04 00 00 49 8b 44 24 08 41 8b
0x00007ffb6b60f48a:   ce 48 89 4d 88 48 8b 0c c8 49 8b 87 28 01 00 00
0x00007ffb6b60f49a:   48 63 51 28 8b 0c 90 41 3b 8f e8 00 00 00 0f 83
0x00007ffb6b60f4aa:   7b 04 00 00 49 8b 47 70 4c 8d 2c 89 8b d1 49 c1
0x00007ffb6b60f4ba:   e5 05 48 8b 48 20 42 81 7c 29 30 2f 75 00 00 0f
0x00007ffb6b60f4ca:   8c 55 04 00 00 48 8b 45 20 44 8b 34 90 48 8b 45
0x00007ffb6b60f4da:   c0 45 8b fe 44 89 74 24 74 4c 89 75 a8 4a 8b 1c
0x00007ffb6b60f4ea:   f0 4d 85 c0 0f 84 74 01 00 00 41 8b 48 14 8b 44
0x00007ffb6b60f4fa:   24 60 3b c8 77 13 41 3b 40 18 73 0d 2b c1 83 e0
0x00007ffb6b60f50a:   01 84 c0 74 1f 8b 44 24 60 49 8b 08 48 85 c9 0f
0x00007ffb6b60f51a:   84 49 01 00 00 8b d0 e8 da da b8 ff 84 c0 0f 84
0x00007ffb6b60f52a:   3a 01 00 00 4c 8b bd 20 03 00 00 48 8b d6 48 8b
0x00007ffb6b60f53a:   cb 4d 8b 47 10 e8 5c 18 00 00 48 8b d8 48 85 c0
0x00007ffb6b60f54a:   0f 84 88 12 00 00 49 8b 7f 10 8b 8f a8 01 00 00
0x00007ffb6b60f55a:   2b 8f d0 01 00 00 03 0d 32 57 35 00 3b 4f 60 0f
0x00007ffb6b60f56a:   87 3c 12 00 00 48 63 70 28 49 8d bf 10 01 00 00
0x00007ffb6b60f57a:   3b 37 7c 4a 3b 77 04 7c 0a 8b d6 48 8b cf e8 83
0x00007ffb6b60f58a:   e7 a7 ff 48 63 17 3b d6 7d 2f 8b c6 48 8d 0c 95 


Stack slot to memory mapping:
stack at sp + 0 slots: 0x000000393bdfba10 is pointing into the stack for thread: 0x000001c25c322800
stack at sp + 1 slots: 0x0000000000000007 is an unknown value
stack at sp + 2 slots: 0x000000393bdfc190 is pointing into the stack for thread: 0x000001c25c322800
stack at sp + 3 slots: 0x000001c25c7246a0 points into unknown readable memory: 0x00007ffb6b7b50e0 | e0 50 7b 6b fb 7f 00 00
stack at sp + 4 slots: 0x000001c25b00e9d0 points into unknown readable memory: 0x00007ffb6b744200 | 00 42 74 6b fb 7f 00 00
stack at sp + 5 slots: 0x000001c200000002 is an unknown value
stack at sp + 6 slots: 0x000001c2000033cb is an unknown value
stack at sp + 7 slots: 0x000000393bdfba01 is pointing into the stack for thread: 0x000001c25c322800


---------------  P R O C E S S  ---------------

Threads class SMR info:
_java_thread_list=0x000001c25a624370, length=79, elements={
0x000001c23a90a000, 0x000001c2544fd000, 0x000001c2544fe800, 0x000001c254e92800,
0x000001c25451b000, 0x000001c25451b800, 0x000001c254526800, 0x000001c25452d000,
0x000001c25452e000, 0x000001c254fd3800, 0x000001c2578f8800, 0x000001c257f20800,
0x000001c25803b800, 0x000001c256158000, 0x000001c257df0800, 0x000001c256a1d800,
0x000001c256a1e800, 0x000001c255beb000, 0x000001c257969800, 0x000001c25795d800,
0x000001c25795f000, 0x000001c25795e000, 0x000001c25795a000, 0x000001c257959800,
0x000001c25795b000, 0x000001c25795b800, 0x000001c25795c800, 0x000001c257960000,
0x000001c25825f000, 0x000001c258259800, 0x000001c258260000, 0x000001c25825c800,
0x000001c258260800, 0x000001c25825b000, 0x000001c258261800, 0x000001c25825c000,
0x000001c258263000, 0x000001c258262800, 0x000001c25825d800, 0x000001c258264000,
0x000001c258267000, 0x000001c258265000, 0x000001c258266800, 0x000001c258268000,
0x000001c258265800, 0x000001c258525800, 0x000001c258521800, 0x000001c258528000,
0x000001c258522800, 0x000001c258523800, 0x000001c258526800, 0x000001c258529000,
0x000001c25852a000, 0x000001c258527800, 0x000001c258524000, 0x000001c25852a800,
0x000001c258525000, 0x000001c258530800, 0x000001c25852b800, 0x000001c25852d000,
0x000001c25852e000, 0x000001c25852c800, 0x000001c25852e800, 0x000001c25852f800,
0x000001c256031000, 0x000001c256032000, 0x000001c256033000, 0x000001c256030800,
0x000001c25602d000, 0x000001c256033800, 0x000001c25602e000, 0x000001c25602f800,
0x000001c256034800, 0x000001c25602e800, 0x000001c256036000, 0x000001c256039800,
0x000001c256035000, 0x000001c256037800, 0x000001c25c322800
}

Java Threads: ( => current thread )
  0x000001c23a90a000 JavaThread "main" [_thread_blocked, id=1480, stack(0x0000003936600000,0x0000003936700000)]
  0x000001c2544fd000 JavaThread "Reference Handler" daemon [_thread_blocked, id=5320, stack(0x0000003936d00000,0x0000003936e00000)]
  0x000001c2544fe800 JavaThread "Finalizer" daemon [_thread_blocked, id=8832, stack(0x0000003936e00000,0x0000003936f00000)]
  0x000001c254e92800 JavaThread "Signal Dispatcher" daemon [_thread_blocked, id=5376, stack(0x0000003936f00000,0x0000003937000000)]
  0x000001c25451b000 JavaThread "Attach Listener" daemon [_thread_blocked, id=5360, stack(0x0000003937000000,0x0000003937100000)]
  0x000001c25451b800 JavaThread "Service Thread" daemon [_thread_blocked, id=5272, stack(0x0000003937100000,0x0000003937200000)]
  0x000001c254526800 JavaThread "C2 CompilerThread0" daemon [_thread_in_native, id=5248, stack(0x0000003937200000,0x0000003937300000)]
  0x000001c25452d000 JavaThread "C1 CompilerThread0" daemon [_thread_blocked, id=9064, stack(0x0000003937300000,0x0000003937400000)]
  0x000001c25452e000 JavaThread "Sweeper thread" daemon [_thread_blocked, id=5884, stack(0x0000003937400000,0x0000003937500000)]
  0x000001c254fd3800 JavaThread "Common-Cleaner" daemon [_thread_blocked, id=5000, stack(0x0000003937500000,0x0000003937600000)]
  0x000001c2578f8800 JavaThread "Daemon health stats" [_thread_blocked, id=8376, stack(0x0000003937a00000,0x0000003937b00000)]
  0x000001c257f20800 JavaThread "Incoming local TCP Connector on port 49901" [_thread_in_native, id=5776, stack(0x0000003937700000,0x0000003937800000)]
  0x000001c25803b800 JavaThread "Daemon" [_thread_blocked, id=5976, stack(0x0000003937b00000,0x0000003937c00000)]
  0x000001c256158000 JavaThread "Daemon periodic checks" [_thread_blocked, id=5968, stack(0x0000003937c00000,0x0000003937d00000)]
  0x000001c257df0800 JavaThread "Handler for socket connection from /127.0.0.1:49901 to /127.0.0.1:49902" [_thread_in_native, id=9392, stack(0x0000003937d00000,0x0000003937e00000)]
  0x000001c256a1d800 JavaThread "Cancel handler" [_thread_blocked, id=3004, stack(0x0000003937e00000,0x0000003937f00000)]
  0x000001c256a1e800 JavaThread "Daemon worker" [_thread_in_vm, id=3020, stack(0x0000003937f00000,0x0000003938000000)]
  0x000001c255beb000 JavaThread "Asynchronous log dispatcher for DefaultDaemonConnection: socket connection from /127.0.0.1:49901 to /127.0.0.1:49902" [_thread_blocked, id=3128, stack(0x0000003938100000,0x0000003938200000)]
  0x000001c257969800 JavaThread "Stdin handler" [_thread_blocked, id=3132, stack(0x0000003938200000,0x0000003938300000)]
  0x000001c25795d800 JavaThread "Daemon client event forwarder" [_thread_blocked, id=3268, stack(0x0000003938300000,0x0000003938400000)]
  0x000001c25795f000 JavaThread "Cache worker for journal cache (C:\Users\Admin\.gradle\caches\journal-1)" [_thread_blocked, id=5720, stack(0x0000003938000000,0x0000003938100000)]
  0x000001c25795e000 JavaThread "File lock request listener" [_thread_in_native, id=5704, stack(0x0000003938400000,0x0000003938500000)]
  0x000001c25795a000 JavaThread "Cache worker for file hash cache (C:\Users\Admin\.gradle\caches\7.3.3\fileHashes)" [_thread_blocked, id=580, stack(0x0000003938600000,0x0000003938700000)]
  0x000001c257959800 JavaThread "Cache worker for file hash cache (C:\Users\Admin\AndroidStudioProjects\NewsApp\.gradle\7.3.3\fileHashes)" [_thread_blocked, id=9268, stack(0x0000003938800000,0x0000003938900000)]
  0x000001c25795b000 JavaThread "File watcher server" daemon [_thread_in_native, id=5992, stack(0x0000003938900000,0x0000003938a00000)]
  0x000001c25795b800 JavaThread "File watcher consumer" daemon [_thread_blocked, id=6172, stack(0x0000003938a00000,0x0000003938b00000)]
  0x000001c25795c800 JavaThread "Cache worker for checksums cache (C:\Users\Admin\AndroidStudioProjects\NewsApp\.gradle\7.3.3\checksums)" [_thread_blocked, id=6416, stack(0x0000003938b00000,0x0000003938c00000)]
  0x000001c257960000 JavaThread "Cache worker for cache directory md-supplier (C:\Users\Admin\.gradle\caches\7.3.3\md-supplier)" [_thread_blocked, id=6404, stack(0x0000003938c00000,0x0000003938d00000)]
  0x000001c25825f000 JavaThread "Cache worker for cache directory md-rule (C:\Users\Admin\.gradle\caches\7.3.3\md-rule)" [_thread_blocked, id=6408, stack(0x0000003938d00000,0x0000003938e00000)]
  0x000001c258259800 JavaThread "Cache worker for execution history cache (C:\Users\Admin\.gradle\caches\7.3.3\executionHistory)" [_thread_blocked, id=6412, stack(0x0000003938e00000,0x0000003938f00000)]
  0x000001c258260000 JavaThread "jar transforms" [_thread_blocked, id=6432, stack(0x0000003938f00000,0x0000003939000000)]
  0x000001c25825c800 JavaThread "Cache worker for file content cache (C:\Users\Admin\.gradle\caches\7.3.3\fileContent)" [_thread_blocked, id=6436, stack(0x0000003939000000,0x0000003939100000)]
  0x000001c258260800 JavaThread "jar transforms Thread 2" [_thread_blocked, id=6440, stack(0x0000003939100000,0x0000003939200000)]
  0x000001c25825b000 JavaThread "Cache worker for dependencies-accessors (C:\Users\Admin\AndroidStudioProjects\NewsApp\.gradle\7.3.3\dependencies-accessors)" [_thread_blocked, id=6444, stack(0x0000003939200000,0x0000003939300000)]
  0x000001c258261800 JavaThread "jar transforms Thread 3" [_thread_blocked, id=6452, stack(0x0000003938700000,0x0000003938800000)]
  0x000001c25825c000 JavaThread "Cache worker for Build Output Cleanup Cache (C:\Users\Admin\AndroidStudioProjects\NewsApp\.gradle\buildOutputCleanup)" [_thread_blocked, id=6520, stack(0x0000003939300000,0x0000003939400000)]
  0x000001c258263000 JavaThread "Unconstrained build operations" [_thread_blocked, id=6528, stack(0x0000003939500000,0x0000003939600000)]
  0x000001c258262800 JavaThread "Unconstrained build operations Thread 2" [_thread_blocked, id=6532, stack(0x0000003939600000,0x0000003939700000)]
  0x000001c25825d800 JavaThread "Unconstrained build operations Thread 3" [_thread_blocked, id=6536, stack(0x0000003939700000,0x0000003939800000)]
  0x000001c258264000 JavaThread "Unconstrained build operations Thread 4" [_thread_blocked, id=6540, stack(0x0000003939800000,0x0000003939900000)]
  0x000001c258267000 JavaThread "Unconstrained build operations Thread 5" [_thread_blocked, id=6548, stack(0x0000003939900000,0x0000003939a00000)]
  0x000001c258265000 JavaThread "Unconstrained build operations Thread 6" [_thread_blocked, id=6556, stack(0x0000003939a00000,0x0000003939b00000)]
  0x000001c258266800 JavaThread "Unconstrained build operations Thread 7" [_thread_blocked, id=6576, stack(0x0000003939b00000,0x0000003939c00000)]
  0x000001c258268000 JavaThread "Unconstrained build operations Thread 8" [_thread_blocked, id=6552, stack(0x0000003939c00000,0x0000003939d00000)]
  0x000001c258265800 JavaThread "Unconstrained build operations Thread 9" [_thread_blocked, id=6564, stack(0x0000003939d00000,0x0000003939e00000)]
  0x000001c258525800 JavaThread "Unconstrained build operations Thread 10" [_thread_blocked, id=6560, stack(0x0000003939e00000,0x0000003939f00000)]
  0x000001c258521800 JavaThread "Unconstrained build operations Thread 11" [_thread_blocked, id=6568, stack(0x0000003939f00000,0x000000393a000000)]
  0x000001c258528000 JavaThread "Unconstrained build operations Thread 12" [_thread_blocked, id=6580, stack(0x000000393a000000,0x000000393a100000)]
  0x000001c258522800 JavaThread "Unconstrained build operations Thread 13" [_thread_blocked, id=6572, stack(0x000000393a100000,0x000000393a200000)]
  0x000001c258523800 JavaThread "Unconstrained build operations Thread 14" [_thread_blocked, id=6372, stack(0x000000393a200000,0x000000393a300000)]
  0x000001c258526800 JavaThread "Unconstrained build operations Thread 15" [_thread_blocked, id=6584, stack(0x000000393a300000,0x000000393a400000)]
  0x000001c258529000 JavaThread "Unconstrained build operations Thread 16" [_thread_blocked, id=6544, stack(0x000000393a400000,0x000000393a500000)]
  0x000001c25852a000 JavaThread "Unconstrained build operations Thread 17" [_thread_blocked, id=6368, stack(0x000000393a500000,0x000000393a600000)]
  0x000001c258527800 JavaThread "Unconstrained build operations Thread 18" [_thread_blocked, id=6356, stack(0x000000393a600000,0x000000393a700000)]
  0x000001c258524000 JavaThread "Unconstrained build operations Thread 19" [_thread_blocked, id=5892, stack(0x000000393a700000,0x000000393a800000)]
  0x000001c25852a800 JavaThread "Unconstrained build operations Thread 20" [_thread_blocked, id=6348, stack(0x000000393a800000,0x000000393a900000)]
  0x000001c258525000 JavaThread "Unconstrained build operations Thread 21" [_thread_blocked, id=5460, stack(0x000000393a900000,0x000000393aa00000)]
  0x000001c258530800 JavaThread "Unconstrained build operations Thread 22" [_thread_blocked, id=6364, stack(0x000000393aa00000,0x000000393ab00000)]
  0x000001c25852b800 JavaThread "Unconstrained build operations Thread 23" [_thread_blocked, id=6004, stack(0x000000393ab00000,0x000000393ac00000)]
  0x000001c25852d000 JavaThread "Unconstrained build operations Thread 24" [_thread_blocked, id=4668, stack(0x000000393ac00000,0x000000393ad00000)]
  0x000001c25852e000 JavaThread "Unconstrained build operations Thread 25" [_thread_blocked, id=6588, stack(0x000000393ad00000,0x000000393ae00000)]
  0x000001c25852c800 JavaThread "Unconstrained build operations Thread 26" [_thread_blocked, id=6184, stack(0x000000393ae00000,0x000000393af00000)]
  0x000001c25852e800 JavaThread "Unconstrained build operations Thread 27" [_thread_blocked, id=6200, stack(0x000000393af00000,0x000000393b000000)]
  0x000001c25852f800 JavaThread "Unconstrained build operations Thread 28" [_thread_blocked, id=6180, stack(0x000000393b000000,0x000000393b100000)]
  0x000001c256031000 JavaThread "Unconstrained build operations Thread 29" [_thread_blocked, id=6176, stack(0x000000393b100000,0x000000393b200000)]
  0x000001c256032000 JavaThread "Unconstrained build operations Thread 30" [_thread_blocked, id=6352, stack(0x000000393b200000,0x000000393b300000)]
  0x000001c256033000 JavaThread "Unconstrained build operations Thread 31" [_thread_blocked, id=6756, stack(0x000000393b300000,0x000000393b400000)]
  0x000001c256030800 JavaThread "Unconstrained build operations Thread 32" [_thread_blocked, id=2412, stack(0x000000393b400000,0x000000393b500000)]
  0x000001c25602d000 JavaThread "Unconstrained build operations Thread 33" [_thread_blocked, id=2552, stack(0x000000393b500000,0x000000393b600000)]
  0x000001c256033800 JavaThread "Unconstrained build operations Thread 34" [_thread_blocked, id=3056, stack(0x000000393b600000,0x000000393b700000)]
  0x000001c25602e000 JavaThread "Unconstrained build operations Thread 35" [_thread_blocked, id=6992, stack(0x000000393b700000,0x000000393b800000)]
  0x000001c25602f800 JavaThread "Unconstrained build operations Thread 36" [_thread_blocked, id=2668, stack(0x000000393b800000,0x000000393b900000)]
  0x000001c256034800 JavaThread "Unconstrained build operations Thread 37" [_thread_blocked, id=7340, stack(0x000000393b900000,0x000000393ba00000)]
  0x000001c25602e800 JavaThread "Unconstrained build operations Thread 38" [_thread_blocked, id=6668, stack(0x000000393ba00000,0x000000393bb00000)]
  0x000001c256036000 JavaThread "Unconstrained build operations Thread 39" [_thread_blocked, id=2960, stack(0x000000393bb00000,0x000000393bc00000)]
  0x000001c256039800 JavaThread "Unconstrained build operations Thread 40" [_thread_blocked, id=7172, stack(0x000000393bc00000,0x000000393bd00000)]
  0x000001c256035000 JavaThread "jar transforms Thread 4" [_thread_blocked, id=4392, stack(0x0000003939400000,0x0000003939500000)]
  0x000001c256037800 JavaThread "Memory manager" [_thread_blocked, id=7836, stack(0x000000393be00000,0x000000393bf00000)]
=>0x000001c25c322800 JavaThread "C2 CompilerThread1" daemon [_thread_in_native, id=4688, stack(0x000000393bd00000,0x000000393be00000)]

Other Threads:
  0x000001c2544f9000 VMThread "VM Thread" [stack: 0x0000003936c00000,0x0000003936d00000] [id=5332]
  0x000001c254ff4800 WatcherThread [stack: 0x0000003937600000,0x0000003937700000] [id=5408]
  0x000001c23a922800 GCTaskThread "GC Thread#0" [stack: 0x0000003936700000,0x0000003936800000] [id=7368]
  0x000001c2554d2800 GCTaskThread "GC Thread#1" [stack: 0x0000003937800000,0x0000003937900000] [id=5392]
  0x000001c2552f2800 GCTaskThread "GC Thread#2" [stack: 0x0000003937900000,0x0000003937a00000] [id=5328]
  0x000001c2565e9800 GCTaskThread "GC Thread#3" [stack: 0x0000003938500000,0x0000003938600000] [id=5708]
  0x000001c23a953000 ConcurrentGCThread "G1 Main Marker" [stack: 0x0000003936800000,0x0000003936900000] [id=1836]
  0x000001c23a955800 ConcurrentGCThread "G1 Conc#0" [stack: 0x0000003936900000,0x0000003936a00000] [id=1332]
  0x000001c23a9e7000 ConcurrentGCThread "G1 Refine#0" [stack: 0x0000003936a00000,0x0000003936b00000] [id=5200]
  0x000001c23a9e8000 ConcurrentGCThread "G1 Young RemSet Sampling" [stack: 0x0000003936b00000,0x0000003936c00000] [id=5396]

Threads with active compile tasks:
C2 CompilerThread0  30381 7091 %     4       org.gradle.internal.instantiation.generator.AbstractClassGenerator::inspectType @ 207 (560 bytes)
C2 CompilerThread1  30382 7131       4       java.lang.Class::annotationData (44 bytes)

VM state:not at safepoint (normal execution)

VM Mutex/Monitor currently owned by a thread: None

Heap address: 0x0000000080000000, size: 2048 MB, Compressed Oops mode: 32-bit
Narrow klass base: 0x0000000000000000, Narrow klass shift: 3
Compressed class space size: 1073741824 Address: 0x0000000100000000

Heap:
 garbage-first heap   total 155648K, used 98094K [0x0000000080000000, 0x0000000100000000)
  region size 1024K, 44 young (45056K), 7 survivors (7168K)
 Metaspace       used 75970K, capacity 77606K, committed 77740K, reserved 1116160K
  class space    used 9814K, capacity 10438K, committed 10496K, reserved 1048576K
Heap Regions: E=young(eden), S=young(survivor), O=old, HS=humongous(starts), HC=humongous(continues), CS=collection set, F=free, A=archive, TAMS=top-at-mark-start (previous, next)
|   0|0x0000000080000000, 0x0000000080100000, 0x0000000080100000|100%| O|  |TAMS 0x0000000080100000, 0x0000000080000000| Untracked 
|   1|0x0000000080100000, 0x0000000080200000, 0x0000000080200000|100%| O|  |TAMS 0x0000000080200000, 0x0000000080100000| Untracked 
|   2|0x0000000080200000, 0x0000000080300000, 0x0000000080300000|100%| O|  |TAMS 0x0000000080300000, 0x0000000080200000| Untracked 
|   3|0x0000000080300000, 0x0000000080400000, 0x0000000080400000|100%|HS|  |TAMS 0x0000000080400000, 0x0000000080300000| Complete 
|   4|0x0000000080400000, 0x0000000080500000, 0x0000000080500000|100%|HC|  |TAMS 0x0000000080500000, 0x0000000080400000| Complete 
|   5|0x0000000080500000, 0x0000000080600000, 0x0000000080600000|100%|HC|  |TAMS 0x0000000080600000, 0x0000000080500000| Complete 
|   6|0x0000000080600000, 0x0000000080700000, 0x0000000080700000|100%| O|  |TAMS 0x0000000080700000, 0x0000000080600000| Untracked 
|   7|0x0000000080700000, 0x0000000080800000, 0x0000000080800000|100%| O|  |TAMS 0x0000000080800000, 0x0000000080700000| Untracked 
|   8|0x0000000080800000, 0x0000000080900000, 0x0000000080900000|100%| O|  |TAMS 0x0000000080900000, 0x0000000080800000| Untracked 
|   9|0x0000000080900000, 0x0000000080a00000, 0x0000000080a00000|100%| O|  |TAMS 0x0000000080a00000, 0x0000000080900000| Untracked 
|  10|0x0000000080a00000, 0x0000000080b00000, 0x0000000080b00000|100%| O|  |TAMS 0x0000000080b00000, 0x0000000080a00000| Untracked 
|  11|0x0000000080b00000, 0x0000000080c00000, 0x0000000080c00000|100%| O|  |TAMS 0x0000000080c00000, 0x0000000080b00000| Untracked 
|  12|0x0000000080c00000, 0x0000000080d00000, 0x0000000080d00000|100%| O|  |TAMS 0x0000000080d00000, 0x0000000080c00000| Untracked 
|  13|0x0000000080d00000, 0x0000000080e00000, 0x0000000080e00000|100%| O|  |TAMS 0x0000000080e00000, 0x0000000080d00000| Untracked 
|  14|0x0000000080e00000, 0x0000000080f00000, 0x0000000080f00000|100%| O|  |TAMS 0x0000000080f00000, 0x0000000080e00000| Untracked 
|  15|0x0000000080f00000, 0x0000000081000000, 0x0000000081000000|100%| O|  |TAMS 0x0000000081000000, 0x0000000080f00000| Untracked 
|  16|0x0000000081000000, 0x0000000081100000, 0x0000000081100000|100%| O|  |TAMS 0x0000000081100000, 0x0000000081000000| Untracked 
|  17|0x0000000081100000, 0x0000000081200000, 0x0000000081200000|100%|HS|  |TAMS 0x0000000081200000, 0x0000000081100000| Complete 
|  18|0x0000000081200000, 0x0000000081300000, 0x0000000081300000|100%| O|  |TAMS 0x0000000081300000, 0x0000000081200000| Untracked 
|  19|0x0000000081300000, 0x0000000081400000, 0x0000000081400000|100%| O|  |TAMS 0x0000000081400000, 0x0000000081300000| Untracked 
|  20|0x0000000081400000, 0x0000000081500000, 0x0000000081500000|100%| O|  |TAMS 0x0000000081500000, 0x0000000081400000| Untracked 
|  21|0x0000000081500000, 0x0000000081600000, 0x0000000081600000|100%| O|  |TAMS 0x0000000081600000, 0x0000000081500000| Untracked 
|  22|0x0000000081600000, 0x0000000081700000, 0x0000000081700000|100%| O|  |TAMS 0x0000000081700000, 0x0000000081600000| Untracked 
|  23|0x0000000081700000, 0x0000000081800000, 0x0000000081800000|100%| O|  |TAMS 0x0000000081800000, 0x0000000081700000| Untracked 
|  24|0x0000000081800000, 0x0000000081900000, 0x0000000081900000|100%| O|  |TAMS 0x0000000081900000, 0x0000000081800000| Untracked 
|  25|0x0000000081900000, 0x0000000081a00000, 0x0000000081a00000|100%| O|  |TAMS 0x0000000081a00000, 0x0000000081900000| Untracked 
|  26|0x0000000081a00000, 0x0000000081b00000, 0x0000000081b00000|100%|HS|  |TAMS 0x0000000081b00000, 0x0000000081a00000| Complete 
|  27|0x0000000081b00000, 0x0000000081c00000, 0x0000000081c00000|100%|HS|  |TAMS 0x0000000081c00000, 0x0000000081b00000| Complete 
|  28|0x0000000081c00000, 0x0000000081d00000, 0x0000000081d00000|100%|HS|  |TAMS 0x0000000081d00000, 0x0000000081c00000| Complete 
|  29|0x0000000081d00000, 0x0000000081e00000, 0x0000000081e00000|100%|HC|  |TAMS 0x0000000081e00000, 0x0000000081d00000| Complete 
|  30|0x0000000081e00000, 0x0000000081f00000, 0x0000000081f00000|100%|HC|  |TAMS 0x0000000081f00000, 0x0000000081e00000| Complete 
|  31|0x0000000081f00000, 0x0000000082000000, 0x0000000082000000|100%|HS|  |TAMS 0x0000000082000000, 0x0000000081f00000| Complete 
|  32|0x0000000082000000, 0x0000000082100000, 0x0000000082100000|100%|HC|  |TAMS 0x0000000082100000, 0x0000000082000000| Complete 
|  33|0x0000000082100000, 0x0000000082200000, 0x0000000082200000|100%| O|  |TAMS 0x0000000082200000, 0x0000000082100000| Untracked 
|  34|0x0000000082200000, 0x0000000082300000, 0x0000000082300000|100%| O|  |TAMS 0x0000000082300000, 0x0000000082200000| Untracked 
|  35|0x0000000082300000, 0x0000000082400000, 0x0000000082400000|100%| O|  |TAMS 0x0000000082400000, 0x0000000082300000| Untracked 
|  36|0x0000000082400000, 0x0000000082500000, 0x0000000082500000|100%| O|  |TAMS 0x0000000082500000, 0x0000000082400000| Untracked 
|  37|0x0000000082500000, 0x0000000082600000, 0x0000000082600000|100%| O|  |TAMS 0x0000000082600000, 0x0000000082500000| Untracked 
|  38|0x0000000082600000, 0x0000000082700000, 0x0000000082700000|100%| O|  |TAMS 0x0000000082700000, 0x0000000082600000| Untracked 
|  39|0x0000000082700000, 0x0000000082800000, 0x0000000082800000|100%| O|  |TAMS 0x0000000082800000, 0x0000000082700000| Untracked 
|  40|0x0000000082800000, 0x0000000082900000, 0x0000000082900000|100%| O|  |TAMS 0x0000000082900000, 0x0000000082800000| Untracked 
|  41|0x0000000082900000, 0x0000000082a00000, 0x0000000082a00000|100%| O|  |TAMS 0x0000000082a00000, 0x0000000082900000| Untracked 
|  42|0x0000000082a00000, 0x0000000082b00000, 0x0000000082b00000|100%| O|  |TAMS 0x0000000082b00000, 0x0000000082a00000| Untracked 
|  43|0x0000000082b00000, 0x0000000082c00000, 0x0000000082c00000|100%| O|  |TAMS 0x0000000082c00000, 0x0000000082b00000| Untracked 
|  44|0x0000000082c00000, 0x0000000082d00000, 0x0000000082d00000|100%| O|  |TAMS 0x0000000082d00000, 0x0000000082c00000| Untracked 
|  45|0x0000000082d00000, 0x0000000082e00000, 0x0000000082e00000|100%| O|  |TAMS 0x0000000082e00000, 0x0000000082d00000| Untracked 
|  46|0x0000000082e00000, 0x0000000082f00000, 0x0000000082f00000|100%| O|  |TAMS 0x0000000082f00000, 0x0000000082e00000| Untracked 
|  47|0x0000000082f00000, 0x0000000083000000, 0x0000000083000000|100%| O|  |TAMS 0x0000000083000000, 0x0000000082f00000| Untracked 
|  48|0x0000000083000000, 0x0000000083100000, 0x0000000083100000|100%| O|  |TAMS 0x0000000083075c00, 0x0000000083000000| Untracked 
|  49|0x0000000083100000, 0x0000000083100000, 0x0000000083200000|  0%| F|  |TAMS 0x0000000083100000, 0x0000000083100000| Untracked 
|  50|0x0000000083200000, 0x0000000083300000, 0x0000000083300000|100%| O|  |TAMS 0x0000000083200000, 0x0000000083200000| Untracked 
|  51|0x0000000083300000, 0x0000000083400000, 0x0000000083400000|100%| O|  |TAMS 0x0000000083300000, 0x0000000083300000| Untracked 
|  52|0x0000000083400000, 0x0000000083500000, 0x0000000083500000|100%| O|  |TAMS 0x0000000083400000, 0x0000000083400000| Untracked 
|  53|0x0000000083500000, 0x0000000083600000, 0x0000000083600000|100%| O|  |TAMS 0x0000000083500000, 0x0000000083500000| Untracked 
|  54|0x0000000083600000, 0x000000008362d400, 0x0000000083700000| 17%| O|  |TAMS 0x0000000083600000, 0x0000000083600000| Untracked 
|  55|0x0000000083700000, 0x0000000083700000, 0x0000000083800000|  0%| F|  |TAMS 0x0000000083700000, 0x0000000083700000| Untracked 
|  56|0x0000000083800000, 0x0000000083800000, 0x0000000083900000|  0%| F|  |TAMS 0x0000000083800000, 0x0000000083800000| Untracked 
|  57|0x0000000083900000, 0x0000000083900000, 0x0000000083a00000|  0%| F|  |TAMS 0x0000000083900000, 0x0000000083900000| Untracked 
|  58|0x0000000083a00000, 0x0000000083a00000, 0x0000000083b00000|  0%| F|  |TAMS 0x0000000083a00000, 0x0000000083a00000| Untracked 
|  59|0x0000000083b00000, 0x0000000083b00000, 0x0000000083c00000|  0%| F|  |TAMS 0x0000000083b00000, 0x0000000083b00000| Untracked 
|  60|0x0000000083c00000, 0x0000000083c00000, 0x0000000083d00000|  0%| F|  |TAMS 0x0000000083c00000, 0x0000000083c00000| Untracked 
|  61|0x0000000083d00000, 0x0000000083d00000, 0x0000000083e00000|  0%| F|  |TAMS 0x0000000083d00000, 0x0000000083d00000| Untracked 
|  62|0x0000000083e00000, 0x0000000083e00000, 0x0000000083f00000|  0%| F|  |TAMS 0x0000000083e00000, 0x0000000083e00000| Untracked 
|  63|0x0000000083f00000, 0x0000000083f00000, 0x0000000084000000|  0%| F|  |TAMS 0x0000000083f00000, 0x0000000083f00000| Untracked 
|  64|0x0000000084000000, 0x0000000084000000, 0x0000000084100000|  0%| F|  |TAMS 0x0000000084000000, 0x0000000084000000| Untracked 
|  65|0x0000000084100000, 0x0000000084100000, 0x0000000084200000|  0%| F|  |TAMS 0x0000000084100000, 0x0000000084100000| Untracked 
|  66|0x0000000084200000, 0x0000000084200000, 0x0000000084300000|  0%| F|  |TAMS 0x0000000084200000, 0x0000000084200000| Untracked 
|  67|0x0000000084300000, 0x0000000084300000, 0x0000000084400000|  0%| F|  |TAMS 0x0000000084300000, 0x0000000084300000| Untracked 
|  68|0x0000000084400000, 0x0000000084400000, 0x0000000084500000|  0%| F|  |TAMS 0x0000000084400000, 0x0000000084400000| Untracked 
|  69|0x0000000084500000, 0x0000000084500000, 0x0000000084600000|  0%| F|  |TAMS 0x0000000084500000, 0x0000000084500000| Untracked 
|  70|0x0000000084600000, 0x0000000084600000, 0x0000000084700000|  0%| F|  |TAMS 0x0000000084600000, 0x0000000084600000| Untracked 
|  71|0x0000000084700000, 0x0000000084700000, 0x0000000084800000|  0%| F|  |TAMS 0x0000000084700000, 0x0000000084700000| Untracked 
|  72|0x0000000084800000, 0x0000000084800000, 0x0000000084900000|  0%| F|  |TAMS 0x0000000084800000, 0x0000000084800000| Untracked 
|  73|0x0000000084900000, 0x0000000084900000, 0x0000000084a00000|  0%| F|  |TAMS 0x0000000084900000, 0x0000000084900000| Untracked 
|  74|0x0000000084a00000, 0x0000000084a00000, 0x0000000084b00000|  0%| F|  |TAMS 0x0000000084a00000, 0x0000000084a00000| Untracked 
|  75|0x0000000084b00000, 0x0000000084b00000, 0x0000000084c00000|  0%| F|  |TAMS 0x0000000084b00000, 0x0000000084b00000| Untracked 
|  76|0x0000000084c00000, 0x0000000084c00000, 0x0000000084d00000|  0%| F|  |TAMS 0x0000000084c00000, 0x0000000084c00000| Untracked 
|  77|0x0000000084d00000, 0x0000000084d00000, 0x0000000084e00000|  0%| F|  |TAMS 0x0000000084d00000, 0x0000000084d00000| Untracked 
|  78|0x0000000084e00000, 0x0000000084e00000, 0x0000000084f00000|  0%| F|  |TAMS 0x0000000084e00000, 0x0000000084e00000| Untracked 
|  79|0x0000000084f00000, 0x0000000084f00000, 0x0000000085000000|  0%| F|  |TAMS 0x0000000084f00000, 0x0000000084f00000| Untracked 
|  80|0x0000000085000000, 0x0000000085000000, 0x0000000085100000|  0%| F|  |TAMS 0x0000000085000000, 0x0000000085000000| Untracked 
|  81|0x0000000085100000, 0x0000000085100000, 0x0000000085200000|  0%| F|  |TAMS 0x0000000085100000, 0x0000000085100000| Untracked 
|  82|0x0000000085200000, 0x0000000085200000, 0x0000000085300000|  0%| F|  |TAMS 0x0000000085200000, 0x0000000085200000| Untracked 
|  83|0x0000000085300000, 0x0000000085300000, 0x0000000085400000|  0%| F|  |TAMS 0x0000000085300000, 0x0000000085300000| Untracked 
|  84|0x0000000085400000, 0x0000000085400000, 0x0000000085500000|  0%| F|  |TAMS 0x0000000085400000, 0x0000000085400000| Untracked 
|  85|0x0000000085500000, 0x0000000085500000, 0x0000000085600000|  0%| F|  |TAMS 0x0000000085500000, 0x0000000085500000| Untracked 
|  86|0x0000000085600000, 0x0000000085600000, 0x0000000085700000|  0%| F|  |TAMS 0x0000000085600000, 0x0000000085600000| Untracked 
|  87|0x0000000085700000, 0x0000000085700000, 0x0000000085800000|  0%| F|  |TAMS 0x0000000085700000, 0x0000000085700000| Untracked 
|  88|0x0000000085800000, 0x0000000085800000, 0x0000000085900000|  0%| F|  |TAMS 0x0000000085800000, 0x0000000085800000| Untracked 
|  89|0x0000000085900000, 0x0000000085900000, 0x0000000085a00000|  0%| F|  |TAMS 0x0000000085900000, 0x0000000085900000| Untracked 
|  90|0x0000000085a00000, 0x0000000085a9e460, 0x0000000085b00000| 61%| S|CS|TAMS 0x0000000085a00000, 0x0000000085a00000| Complete 
|  91|0x0000000085b00000, 0x0000000085c00000, 0x0000000085c00000|100%| S|CS|TAMS 0x0000000085b00000, 0x0000000085b00000| Complete 
|  92|0x0000000085c00000, 0x0000000085c00000, 0x0000000085d00000|  0%| F|  |TAMS 0x0000000085c00000, 0x0000000085c00000| Untracked 
|  93|0x0000000085d00000, 0x0000000085d00000, 0x0000000085e00000|  0%| F|  |TAMS 0x0000000085d00000, 0x0000000085d00000| Untracked 
|  94|0x0000000085e00000, 0x0000000085e00000, 0x0000000085f00000|  0%| F|  |TAMS 0x0000000085e00000, 0x0000000085e00000| Untracked 
|  95|0x0000000085f00000, 0x0000000085f00000, 0x0000000086000000|  0%| F|  |TAMS 0x0000000085f00000, 0x0000000085f00000| Untracked 
|  96|0x0000000086000000, 0x0000000086100000, 0x0000000086100000|100%| S|CS|TAMS 0x0000000086000000, 0x0000000086000000| Complete 
|  97|0x0000000086100000, 0x0000000086200000, 0x0000000086200000|100%| S|CS|TAMS 0x0000000086100000, 0x0000000086100000| Complete 
|  98|0x0000000086200000, 0x0000000086300000, 0x0000000086300000|100%| S|CS|TAMS 0x0000000086200000, 0x0000000086200000| Complete 
|  99|0x0000000086300000, 0x0000000086400000, 0x0000000086400000|100%| S|CS|TAMS 0x0000000086300000, 0x0000000086300000| Complete 
| 100|0x0000000086400000, 0x0000000086500000, 0x0000000086500000|100%| S|CS|TAMS 0x0000000086400000, 0x0000000086400000| Complete 
| 101|0x0000000086500000, 0x0000000086500000, 0x0000000086600000|  0%| F|  |TAMS 0x0000000086500000, 0x0000000086500000| Untracked 
| 102|0x0000000086600000, 0x0000000086600000, 0x0000000086700000|  0%| F|  |TAMS 0x0000000086600000, 0x0000000086600000| Untracked 
| 103|0x0000000086700000, 0x0000000086700000, 0x0000000086800000|  0%| F|  |TAMS 0x0000000086700000, 0x0000000086700000| Untracked 
| 104|0x0000000086800000, 0x0000000086800000, 0x0000000086900000|  0%| F|  |TAMS 0x0000000086800000, 0x0000000086800000| Untracked 
| 105|0x0000000086900000, 0x0000000086900000, 0x0000000086a00000|  0%| F|  |TAMS 0x0000000086900000, 0x0000000086900000| Untracked 
| 106|0x0000000086a00000, 0x0000000086a00000, 0x0000000086b00000|  0%| F|  |TAMS 0x0000000086a00000, 0x0000000086a00000| Untracked 
| 107|0x0000000086b00000, 0x0000000086b00000, 0x0000000086c00000|  0%| F|  |TAMS 0x0000000086b00000, 0x0000000086b00000| Untracked 
| 108|0x0000000086c00000, 0x0000000086c00000, 0x0000000086d00000|  0%| F|  |TAMS 0x0000000086c00000, 0x0000000086c00000| Untracked 
| 109|0x0000000086d00000, 0x0000000086d00000, 0x0000000086e00000|  0%| F|  |TAMS 0x0000000086d00000, 0x0000000086d00000| Untracked 
| 110|0x0000000086e00000, 0x0000000086e00000, 0x0000000086f00000|  0%| F|  |TAMS 0x0000000086e00000, 0x0000000086e00000| Untracked 
| 111|0x0000000086f00000, 0x0000000086f00000, 0x0000000087000000|  0%| F|  |TAMS 0x0000000086f00000, 0x0000000086f00000| Untracked 
| 112|0x0000000087000000, 0x0000000087000000, 0x0000000087100000|  0%| F|  |TAMS 0x0000000087000000, 0x0000000087000000| Untracked 
| 113|0x0000000087100000, 0x0000000087100000, 0x0000000087200000|  0%| F|  |TAMS 0x0000000087100000, 0x0000000087100000| Untracked 
| 114|0x0000000087200000, 0x0000000087200000, 0x0000000087300000|  0%| F|  |TAMS 0x0000000087200000, 0x0000000087200000| Untracked 
| 115|0x0000000087300000, 0x000000008738cec0, 0x0000000087400000| 55%| E|  |TAMS 0x0000000087300000, 0x0000000087300000| Complete 
| 116|0x0000000087400000, 0x0000000087500000, 0x0000000087500000|100%| E|CS|TAMS 0x0000000087400000, 0x0000000087400000| Complete 
| 117|0x0000000087500000, 0x0000000087600000, 0x0000000087600000|100%| E|CS|TAMS 0x0000000087500000, 0x0000000087500000| Complete 
| 118|0x0000000087600000, 0x0000000087700000, 0x0000000087700000|100%| E|CS|TAMS 0x0000000087600000, 0x0000000087600000| Complete 
| 119|0x0000000087700000, 0x0000000087800000, 0x0000000087800000|100%| E|CS|TAMS 0x0000000087700000, 0x0000000087700000| Complete 
| 120|0x0000000087800000, 0x0000000087900000, 0x0000000087900000|100%| E|CS|TAMS 0x0000000087800000, 0x0000000087800000| Complete 
| 121|0x0000000087900000, 0x0000000087a00000, 0x0000000087a00000|100%| E|CS|TAMS 0x0000000087900000, 0x0000000087900000| Complete 
| 122|0x0000000087a00000, 0x0000000087b00000, 0x0000000087b00000|100%| E|CS|TAMS 0x0000000087a00000, 0x0000000087a00000| Complete 
| 123|0x0000000087b00000, 0x0000000087c00000, 0x0000000087c00000|100%| E|CS|TAMS 0x0000000087b00000, 0x0000000087b00000| Complete 
| 124|0x0000000087c00000, 0x0000000087d00000, 0x0000000087d00000|100%| E|CS|TAMS 0x0000000087c00000, 0x0000000087c00000| Complete 
| 125|0x0000000087d00000, 0x0000000087e00000, 0x0000000087e00000|100%| E|CS|TAMS 0x0000000087d00000, 0x0000000087d00000| Complete 
| 126|0x0000000087e00000, 0x0000000087f00000, 0x0000000087f00000|100%| E|CS|TAMS 0x0000000087e00000, 0x0000000087e00000| Complete 
| 127|0x0000000087f00000, 0x0000000088000000, 0x0000000088000000|100%| E|CS|TAMS 0x0000000087f00000, 0x0000000087f00000| Complete 
| 128|0x0000000088000000, 0x0000000088100000, 0x0000000088100000|100%| E|CS|TAMS 0x0000000088000000, 0x0000000088000000| Complete 
| 129|0x0000000088100000, 0x0000000088200000, 0x0000000088200000|100%| E|CS|TAMS 0x0000000088100000, 0x0000000088100000| Complete 
| 130|0x0000000088200000, 0x0000000088300000, 0x0000000088300000|100%| E|CS|TAMS 0x0000000088200000, 0x0000000088200000| Complete 
| 131|0x0000000088300000, 0x0000000088400000, 0x0000000088400000|100%| E|CS|TAMS 0x0000000088300000, 0x0000000088300000| Complete 
| 132|0x0000000088400000, 0x0000000088500000, 0x0000000088500000|100%| E|CS|TAMS 0x0000000088400000, 0x0000000088400000| Complete 
| 133|0x0000000088500000, 0x0000000088600000, 0x0000000088600000|100%| E|CS|TAMS 0x0000000088500000, 0x0000000088500000| Complete 
| 134|0x0000000088600000, 0x0000000088700000, 0x0000000088700000|100%| E|CS|TAMS 0x0000000088600000, 0x0000000088600000| Complete 
| 135|0x0000000088700000, 0x0000000088800000, 0x0000000088800000|100%| E|CS|TAMS 0x0000000088700000, 0x0000000088700000| Complete 
| 136|0x0000000088800000, 0x0000000088900000, 0x0000000088900000|100%| E|CS|TAMS 0x0000000088800000, 0x0000000088800000| Complete 
| 137|0x0000000088900000, 0x0000000088a00000, 0x0000000088a00000|100%| E|CS|TAMS 0x0000000088900000, 0x0000000088900000| Complete 
| 138|0x0000000088a00000, 0x0000000088b00000, 0x0000000088b00000|100%| E|CS|TAMS 0x0000000088a00000, 0x0000000088a00000| Complete 
| 139|0x0000000088b00000, 0x0000000088c00000, 0x0000000088c00000|100%| E|CS|TAMS 0x0000000088b00000, 0x0000000088b00000| Complete 
| 140|0x0000000088c00000, 0x0000000088d00000, 0x0000000088d00000|100%| E|CS|TAMS 0x0000000088c00000, 0x0000000088c00000| Complete 
| 141|0x0000000088d00000, 0x0000000088e00000, 0x0000000088e00000|100%| E|CS|TAMS 0x0000000088d00000, 0x0000000088d00000| Complete 
| 142|0x0000000088e00000, 0x0000000088f00000, 0x0000000088f00000|100%| E|CS|TAMS 0x0000000088e00000, 0x0000000088e00000| Complete 
| 143|0x0000000088f00000, 0x0000000089000000, 0x0000000089000000|100%| E|CS|TAMS 0x0000000088f00000, 0x0000000088f00000| Complete 
| 144|0x0000000089000000, 0x0000000089100000, 0x0000000089100000|100%| E|CS|TAMS 0x0000000089000000, 0x0000000089000000| Complete 
| 145|0x0000000089100000, 0x0000000089200000, 0x0000000089200000|100%| E|CS|TAMS 0x0000000089100000, 0x0000000089100000| Complete 
| 146|0x0000000089200000, 0x0000000089300000, 0x0000000089300000|100%| E|CS|TAMS 0x0000000089200000, 0x0000000089200000| Complete 
| 147|0x0000000089300000, 0x0000000089400000, 0x0000000089400000|100%| E|CS|TAMS 0x0000000089300000, 0x0000000089300000| Complete 
| 148|0x0000000089400000, 0x0000000089500000, 0x0000000089500000|100%| E|CS|TAMS 0x0000000089400000, 0x0000000089400000| Complete 
| 149|0x0000000089500000, 0x0000000089600000, 0x0000000089600000|100%| E|CS|TAMS 0x0000000089500000, 0x0000000089500000| Complete 
| 150|0x0000000089600000, 0x0000000089700000, 0x0000000089700000|100%| E|CS|TAMS 0x0000000089600000, 0x0000000089600000| Complete 
| 151|0x0000000089700000, 0x0000000089800000, 0x0000000089800000|100%| E|CS|TAMS 0x0000000089700000, 0x0000000089700000| Complete 

Card table byte_map: [0x000001c24d820000,0x000001c24dc20000] _byte_map_base: 0x000001c24d420000

Marking Bits (Prev, Next): (CMBitMap*) 0x000001c23a94a6a0, (CMBitMap*) 0x000001c23a94a668
 Prev Bits: [0x000001c250020000, 0x000001c252020000)
 Next Bits: [0x000001c24e020000, 0x000001c250020000)

Polling page: 0x000001c238ac0000

Metaspace:

Usage:
  Non-class:     65.59 MB capacity,    64.61 MB ( 99%) used,   821.92 KB (  1%) free+waste,   184.00 KB ( <1%) overhead. 
      Class:     10.19 MB capacity,     9.59 MB ( 94%) used,   538.02 KB (  5%) free+waste,    84.81 KB ( <1%) overhead. 
       Both:     75.79 MB capacity,    74.20 MB ( 98%) used,     1.33 MB (  2%) free+waste,   268.81 KB ( <1%) overhead. 

Virtual space:
  Non-class space:       66.00 MB reserved,      65.67 MB (>99%) committed 
      Class space:        1.00 GB reserved,      10.25 MB (  1%) committed 
             Both:        1.06 GB reserved,      75.92 MB (  7%) committed 

Chunk freelists:
   Non-Class:  12.00 KB
       Class:  26.00 KB
        Both:  38.00 KB

MaxMetaspaceSize: 17179869184.00 GB
CompressedClassSpaceSize: 1.00 GB
Initial GC threshold: 20.80 MB
Current GC threshold: 97.99 MB
CDS: off

CodeHeap 'non-profiled nmethods': size=120064Kb used=4461Kb max_used=4461Kb free=115603Kb
 bounds [0x000001c245ee0000, 0x000001c246340000, 0x000001c24d420000]
CodeHeap 'profiled nmethods': size=120000Kb used=15533Kb max_used=15533Kb free=104466Kb
 bounds [0x000001c23e9b0000, 0x000001c23f8e0000, 0x000001c245ee0000]
CodeHeap 'non-nmethods': size=5696Kb used=2363Kb max_used=2401Kb free=3332Kb
 bounds [0x000001c23e420000, 0x000001c23e690000, 0x000001c23e9b0000]
 total_blobs=8114 nmethods=7240 adapters=784
 compilation: enabled
              stopped_count=0, restarted_count=0
 full_count=0

Compilation events (20 events):
Event: 30.245 Thread 0x000001c25452d000 nmethod 7232 0x000001c23f8c3f10 code [0x000001c23f8c4140, 0x000001c23f8c4868]
Event: 30.247 Thread 0x000001c25452d000 7235       3       java.io.WinNTFileSystem::normalize (143 bytes)
Event: 30.248 Thread 0x000001c25452d000 nmethod 7235 0x000001c23f8c4a90 code [0x000001c23f8c4d20, 0x000001c23f8c58b8]
Event: 30.248 Thread 0x000001c25452d000 7233       3       org.gradle.util.internal.DeferredUtil::isNestableDeferred (20 bytes)
Event: 30.249 Thread 0x000001c25452d000 nmethod 7233 0x000001c23f8c5d90 code [0x000001c23f8c5f60, 0x000001c23f8c6338]
Event: 30.249 Thread 0x000001c25452d000 7234       3       org.gradle.util.internal.DeferredUtil::isKotlinFunction0Deferrable (5 bytes)
Event: 30.249 Thread 0x000001c25452d000 nmethod 7234 0x000001c23f8c6410 code [0x000001c23f8c65c0, 0x000001c23f8c67b8]
Event: 30.249 Thread 0x000001c25452d000 7236       1       com.sun.org.apache.xerces.internal.utils.XMLSecurityManager$Limit::systemProperty (5 bytes)
Event: 30.249 Thread 0x000001c25452d000 nmethod 7236 0x000001c246339c10 code [0x000001c246339dc0, 0x000001c246339e78]
Event: 30.250 Thread 0x000001c25452d000 7237       3       com.sun.org.apache.xerces.internal.xni.QName::clear (21 bytes)
Event: 30.250 Thread 0x000001c25452d000 nmethod 7237 0x000001c23f8c6890 code [0x000001c23f8c6a40, 0x000001c23f8c6bf8]
Event: 30.250 Thread 0x000001c25452d000 7238       3       com.sun.org.apache.xerces.internal.xni.QName::<init> (9 bytes)
Event: 30.250 Thread 0x000001c25452d000 nmethod 7238 0x000001c23f8c6c90 code [0x000001c23f8c6e60, 0x000001c23f8c70f8]
Event: 30.250 Thread 0x000001c25452d000 7239       3       com.sun.org.apache.xerces.internal.util.XMLChar::isSpace (22 bytes)
Event: 30.251 Thread 0x000001c25452d000 nmethod 7239 0x000001c23f8c7210 code [0x000001c23f8c73c0, 0x000001c23f8c7578]
Event: 30.251 Thread 0x000001c25452d000 7240       3       com.sun.org.apache.xerces.internal.dom.DeferredDocumentImpl::setChunkIndex (67 bytes)
Event: 30.251 Thread 0x000001c25452d000 nmethod 7240 0x000001c23f8c7690 code [0x000001c23f8c7880, 0x000001c23f8c7e78]
Event: 30.258 Thread 0x000001c25452d000 7241       1       org.jetbrains.kotlin.gradle.plugin.mpp.DefaultCompilationDetails::getTarget (5 bytes)
Event: 30.258 Thread 0x000001c25452d000 nmethod 7241 0x000001c246339f10 code [0x000001c24633a0c0, 0x000001c24633a178]
Event: 30.261 Thread 0x000001c25452d000 7242  s!   3       sun.net.www.protocol.file.Handler::openConnection (273 bytes)

GC Heap History (20 events):
Event: 10.672 GC heap before
{Heap before GC invocations=8 (full 0):
 garbage-first heap   total 129024K, used 69810K [0x0000000080000000, 0x0000000100000000)
  region size 1024K, 55 young (56320K), 5 survivors (5120K)
 Metaspace       used 30633K, capacity 31334K, committed 31616K, reserved 1077248K
  class space    used 4103K, capacity 4377K, committed 4480K, reserved 1048576K
}
Event: 10.682 GC heap after
{Heap after GC invocations=9 (full 0):
 garbage-first heap   total 129024K, used 20129K [0x0000000080000000, 0x0000000100000000)
  region size 1024K, 4 young (4096K), 4 survivors (4096K)
 Metaspace       used 30633K, capacity 31334K, committed 31616K, reserved 1077248K
  class space    used 4103K, capacity 4377K, committed 4480K, reserved 1048576K
}
Event: 11.721 GC heap before
{Heap before GC invocations=9 (full 0):
 garbage-first heap   total 129024K, used 32417K [0x0000000080000000, 0x0000000100000000)
  region size 1024K, 17 young (17408K), 4 survivors (4096K)
 Metaspace       used 34915K, capacity 35722K, committed 35840K, reserved 1081344K
  class space    used 4531K, capacity 4839K, committed 4864K, reserved 1048576K
}
Event: 11.746 GC heap after
{Heap after GC invocations=10 (full 0):
 garbage-first heap   total 129024K, used 21925K [0x0000000080000000, 0x0000000100000000)
  region size 1024K, 6 young (6144K), 6 survivors (6144K)
 Metaspace       used 34915K, capacity 35722K, committed 35840K, reserved 1081344K
  class space    used 4531K, capacity 4839K, committed 4864K, reserved 1048576K
}
Event: 13.788 GC heap before
{Heap before GC invocations=11 (full 0):
 garbage-first heap   total 129024K, used 76197K [0x0000000080000000, 0x0000000100000000)
  region size 1024K, 57 young (58368K), 6 survivors (6144K)
 Metaspace       used 39316K, capacity 40213K, committed 40448K, reserved 1085440K
  class space    used 5017K, capacity 5353K, committed 5376K, reserved 1048576K
}
Event: 13.805 GC heap after
{Heap after GC invocations=12 (full 0):
 garbage-first heap   total 129024K, used 26543K [0x0000000080000000, 0x0000000100000000)
  region size 1024K, 8 young (8192K), 8 survivors (8192K)
 Metaspace       used 39316K, capacity 40213K, committed 40448K, reserved 1085440K
  class space    used 5017K, capacity 5353K, committed 5376K, reserved 1048576K
}
Event: 15.927 GC heap before
{Heap before GC invocations=12 (full 0):
 garbage-first heap   total 129024K, used 81839K [0x0000000080000000, 0x0000000100000000)
  region size 1024K, 62 young (63488K), 8 survivors (8192K)
 Metaspace       used 44377K, capacity 45368K, committed 45568K, reserved 1089536K
  class space    used 5680K, capacity 6057K, committed 6144K, reserved 1048576K
}
Event: 15.944 GC heap after
{Heap after GC invocations=13 (full 0):
 garbage-first heap   total 155648K, used 28998K [0x0000000080000000, 0x0000000100000000)
  region size 1024K, 4 young (4096K), 4 survivors (4096K)
 Metaspace       used 44377K, capacity 45368K, committed 45568K, reserved 1089536K
  class space    used 5680K, capacity 6057K, committed 6144K, reserved 1048576K
}
Event: 19.353 GC heap before
{Heap before GC invocations=13 (full 0):
 garbage-first heap   total 155648K, used 112966K [0x0000000080000000, 0x0000000100000000)
  region size 1024K, 84 young (86016K), 4 survivors (4096K)
 Metaspace       used 48572K, capacity 49727K, committed 49920K, reserved 1093632K
  class space    used 6204K, capacity 6652K, committed 6656K, reserved 1048576K
}
Event: 19.365 GC heap after
{Heap after GC invocations=14 (full 0):
 garbage-first heap   total 155648K, used 37582K [0x0000000080000000, 0x0000000100000000)
  region size 1024K, 9 young (9216K), 9 survivors (9216K)
 Metaspace       used 48572K, capacity 49727K, committed 49920K, reserved 1093632K
  class space    used 6204K, capacity 6652K, committed 6656K, reserved 1048576K
}
Event: 22.814 GC heap before
{Heap before GC invocations=14 (full 0):
 garbage-first heap   total 155648K, used 118478K [0x0000000080000000, 0x0000000100000000)
  region size 1024K, 84 young (86016K), 9 survivors (9216K)
 Metaspace       used 57693K, capacity 59050K, committed 59392K, reserved 1101824K
  class space    used 7330K, capacity 7840K, committed 7936K, reserved 1048576K
}
Event: 22.831 GC heap after
{Heap after GC invocations=15 (full 0):
 garbage-first heap   total 155648K, used 49589K [0x0000000080000000, 0x0000000100000000)
  region size 1024K, 7 young (7168K), 7 survivors (7168K)
 Metaspace       used 57693K, capacity 59050K, committed 59392K, reserved 1101824K
  class space    used 7330K, capacity 7840K, committed 7936K, reserved 1048576K
}
Event: 23.111 GC heap before
{Heap before GC invocations=15 (full 0):
 garbage-first heap   total 155648K, used 55733K [0x0000000080000000, 0x0000000100000000)
  region size 1024K, 14 young (14336K), 7 survivors (7168K)
 Metaspace       used 58465K, capacity 59802K, committed 59948K, reserved 1101824K
  class space    used 7445K, capacity 7986K, committed 8064K, reserved 1048576K
}
Event: 23.121 GC heap after
{Heap after GC invocations=16 (full 0):
 garbage-first heap   total 155648K, used 50647K [0x0000000080000000, 0x0000000100000000)
  region size 1024K, 1 young (1024K), 1 survivors (1024K)
 Metaspace       used 58465K, capacity 59802K, committed 59948K, reserved 1101824K
  class space    used 7445K, capacity 7986K, committed 8064K, reserved 1048576K
}
Event: 25.151 GC heap before
{Heap before GC invocations=17 (full 0):
 garbage-first heap   total 155648K, used 100823K [0x0000000080000000, 0x0000000100000000)
  region size 1024K, 51 young (52224K), 1 survivors (1024K)
 Metaspace       used 63537K, capacity 65006K, committed 65196K, reserved 1105920K
  class space    used 8063K, capacity 8649K, committed 8704K, reserved 1048576K
}
Event: 25.164 GC heap after
{Heap after GC invocations=18 (full 0):
 garbage-first heap   total 155648K, used 54606K [0x0000000080000000, 0x0000000100000000)
  region size 1024K, 5 young (5120K), 5 survivors (5120K)
 Metaspace       used 63537K, capacity 65006K, committed 65196K, reserved 1105920K
  class space    used 8063K, capacity 8649K, committed 8704K, reserved 1048576K
}
Event: 27.146 GC heap before
{Heap before GC invocations=18 (full 0):
 garbage-first heap   total 155648K, used 106830K [0x0000000080000000, 0x0000000100000000)
  region size 1024K, 56 young (57344K), 5 survivors (5120K)
 Metaspace       used 67891K, capacity 69351K, committed 69548K, reserved 1110016K
  class space    used 8636K, capacity 9211K, committed 9216K, reserved 1048576K
}
Event: 27.159 GC heap after
{Heap after GC invocations=19 (full 0):
 garbage-first heap   total 155648K, used 57720K [0x0000000080000000, 0x0000000100000000)
  region size 1024K, 4 young (4096K), 4 survivors (4096K)
 Metaspace       used 67891K, capacity 69351K, committed 69548K, reserved 1110016K
  class space    used 8636K, capacity 9211K, committed 9216K, reserved 1048576K
}
Event: 28.605 GC heap before
{Heap before GC invocations=19 (full 0):
 garbage-first heap   total 155648K, used 109944K [0x0000000080000000, 0x0000000100000000)
  region size 1024K, 55 young (56320K), 4 survivors (4096K)
 Metaspace       used 70949K, capacity 72612K, committed 72876K, reserved 1112064K
  class space    used 9098K, capacity 9704K, committed 9728K, reserved 1048576K
}
Event: 28.616 GC heap after
{Heap after GC invocations=20 (full 0):
 garbage-first heap   total 155648K, used 61230K [0x0000000080000000, 0x0000000100000000)
  region size 1024K, 7 young (7168K), 7 survivors (7168K)
 Metaspace       used 70949K, capacity 72612K, committed 72876K, reserved 1112064K
  class space    used 9098K, capacity 9704K, committed 9728K, reserved 1048576K
}

Deoptimization events (20 events):
Event: 29.987 Thread 0x000001c256a1e800 Uncommon trap: trap_request=0xffffff4d fr.pc=0x000001c2460f6910 relative=0x0000000000001550
Event: 29.987 Thread 0x000001c256a1e800 Uncommon trap: reason=unstable_if action=reinterpret pc=0x000001c2460f6910 method=java.io.WinNTFileSystem.normalize(Ljava/lang/String;II)Ljava/lang/String; @ 100 c2
Event: 29.987 Thread 0x000001c256a1e800 DEOPT PACKING pc=0x000001c2460f6910 sp=0x0000003937ff7950
Event: 29.987 Thread 0x000001c256a1e800 DEOPT UNPACKING pc=0x000001c23e46a1af sp=0x0000003937ff7958 mode 2
Event: 30.039 Thread 0x000001c256a1e800 Uncommon trap: trap_request=0xffffffde fr.pc=0x000001c24629bbdc relative=0x000000000000293c
Event: 30.039 Thread 0x000001c256a1e800 Uncommon trap: reason=class_check action=maybe_recompile pc=0x000001c24629bbdc method=java.util.TreeMap.put(Ljava/lang/Object;Ljava/lang/Object;)Ljava/lang/Object; @ 127 c2
Event: 30.039 Thread 0x000001c256a1e800 DEOPT PACKING pc=0x000001c24629bbdc sp=0x0000003937ff9290
Event: 30.039 Thread 0x000001c256a1e800 DEOPT UNPACKING pc=0x000001c23e46a1af sp=0x0000003937ff9240 mode 2
Event: 30.040 Thread 0x000001c256a1e800 Uncommon trap: trap_request=0xffffff4d fr.pc=0x000001c245f09800 relative=0x0000000000000060
Event: 30.040 Thread 0x000001c256a1e800 Uncommon trap: reason=unstable_if action=reinterpret pc=0x000001c245f09800 method=java.io.WinNTFileSystem.isSlash(C)Z @ 9 c2
Event: 30.040 Thread 0x000001c256a1e800 DEOPT PACKING pc=0x000001c245f09800 sp=0x0000003937ff8cc0
Event: 30.040 Thread 0x000001c256a1e800 DEOPT UNPACKING pc=0x000001c23e46a1af sp=0x0000003937ff8c48 mode 2
Event: 30.248 Thread 0x000001c256a1e800 Uncommon trap: trap_request=0xffffffde fr.pc=0x000001c24629bbdc relative=0x000000000000293c
Event: 30.248 Thread 0x000001c256a1e800 Uncommon trap: reason=class_check action=maybe_recompile pc=0x000001c24629bbdc method=java.util.TreeMap.put(Ljava/lang/Object;Ljava/lang/Object;)Ljava/lang/Object; @ 127 c2
Event: 30.248 Thread 0x000001c256a1e800 DEOPT PACKING pc=0x000001c24629bbdc sp=0x0000003937ff9290
Event: 30.248 Thread 0x000001c256a1e800 DEOPT UNPACKING pc=0x000001c23e46a1af sp=0x0000003937ff9240 mode 2
Event: 30.259 Thread 0x000001c256a1e800 Uncommon trap: trap_request=0xffffffde fr.pc=0x000001c24629bbdc relative=0x000000000000293c
Event: 30.259 Thread 0x000001c256a1e800 Uncommon trap: reason=class_check action=maybe_recompile pc=0x000001c24629bbdc method=java.util.TreeMap.put(Ljava/lang/Object;Ljava/lang/Object;)Ljava/lang/Object; @ 127 c2
Event: 30.259 Thread 0x000001c256a1e800 DEOPT PACKING pc=0x000001c24629bbdc sp=0x0000003937ff9290
Event: 30.259 Thread 0x000001c256a1e800 DEOPT UNPACKING pc=0x000001c23e46a1af sp=0x0000003937ff9240 mode 2

Classes redefined (0 events):
No events

Internal exceptions (20 events):
Event: 27.631 Thread 0x000001c256a1e800 Exception <a 'java/lang/ClassNotFoundException'{0x0000000087fb4ec8}: com/android/build/gradle/internal/CompileOptions$AgpDecoratedCustomizer> (0x0000000087fb4ec8) thrown at [./src/hotspot/share/classfile/systemDictionary.cpp, line 231]
Event: 27.632 Thread 0x000001c256a1e800 Exception <a 'java/lang/ClassNotFoundException'{0x0000000087fe24e8}: com/android/build/gradle/internal/CompileOptions$AgpDecorated_DecoratedCustomizer> (0x0000000087fe24e8) thrown at [./src/hotspot/share/classfile/systemDictionary.cpp, line 231]
Event: 27.684 Thread 0x000001c256a1e800 Exception <a 'java/lang/ClassNotFoundException'{0x0000000087d4a9a8}: org/jetbrains/kotlin/gradle/dsl/KotlinJvmOptionsImplBeanInfo> (0x0000000087d4a9a8) thrown at [./src/hotspot/share/classfile/systemDictionary.cpp, line 231]
Event: 27.685 Thread 0x000001c256a1e800 Exception <a 'java/lang/ClassNotFoundException'{0x0000000087d66a28}: org/jetbrains/kotlin/gradle/dsl/KotlinJvmOptionsBaseBeanInfo> (0x0000000087d66a28) thrown at [./src/hotspot/share/classfile/systemDictionary.cpp, line 231]
Event: 27.694 Thread 0x000001c256a1e800 Exception <a 'java/lang/ClassNotFoundException'{0x0000000087d82ef8}: org/jetbrains/kotlin/gradle/dsl/KotlinJvmOptionsBaseCustomizer> (0x0000000087d82ef8) thrown at [./src/hotspot/share/classfile/systemDictionary.cpp, line 231]
Event: 27.696 Thread 0x000001c256a1e800 Exception <a 'java/lang/ClassNotFoundException'{0x0000000087db0d90}: org/jetbrains/kotlin/gradle/dsl/KotlinJvmOptionsImplCustomizer> (0x0000000087db0d90) thrown at [./src/hotspot/share/classfile/systemDictionary.cpp, line 231]
Event: 27.720 Thread 0x000001c256a1e800 Exception <a 'java/lang/ClassNotFoundException'{0x0000000087c55258}: org/gradle/api/internal/artifacts/dsl/dependencies/DefaultDependencyHandler_DecoratedBeanInfo> (0x0000000087c55258) thrown at [./src/hotspot/share/classfile/systemDictionary.cpp, line 231]
Event: 27.722 Thread 0x000001c256a1e800 Exception <a 'java/lang/ClassNotFoundException'{0x0000000087c9fbe8}: org/gradle/api/internal/artifacts/dsl/dependencies/DefaultDependencyHandlerBeanInfo> (0x0000000087c9fbe8) thrown at [./src/hotspot/share/classfile/systemDictionary.cpp, line 231]
Event: 27.725 Thread 0x000001c256a1e800 Exception <a 'java/lang/ClassNotFoundException'{0x0000000087ce9d28}: org/gradle/api/internal/artifacts/dsl/dependencies/DefaultDependencyHandlerCustomizer> (0x0000000087ce9d28) thrown at [./src/hotspot/share/classfile/systemDictionary.cpp, line 231]
Event: 27.728 Thread 0x000001c256a1e800 Exception <a 'java/lang/ClassNotFoundException'{0x0000000087b5b928}: org/gradle/api/internal/artifacts/dsl/dependencies/DefaultDependencyHandler_DecoratedCustomizer> (0x0000000087b5b928) thrown at [./src/hotspot/share/classfile/systemDictionary.cpp, line 231]
Event: 29.462 Thread 0x000001c256a1e800 Exception <a 'java/lang/ClassNotFoundException'{0x000000008825d150}: com/android/build/gradle/internal/api/ApkVariantOutputImpl_DecoratedBeanInfo> (0x000000008825d150) thrown at [./src/hotspot/share/classfile/systemDictionary.cpp, line 231]
Event: 29.462 Thread 0x000001c256a1e800 Exception <a 'java/lang/ClassNotFoundException'{0x0000000088278c40}: com/android/build/gradle/internal/api/ApkVariantOutputImplBeanInfo> (0x0000000088278c40) thrown at [./src/hotspot/share/classfile/systemDictionary.cpp, line 231]
Event: 29.463 Thread 0x000001c256a1e800 Exception <a 'java/lang/ClassNotFoundException'{0x0000000088295270}: com/android/build/gradle/internal/api/BaseVariantOutputImplBeanInfo> (0x0000000088295270) thrown at [./src/hotspot/share/classfile/systemDictionary.cpp, line 231]
Event: 29.464 Thread 0x000001c256a1e800 Exception <a 'java/lang/ClassNotFoundException'{0x00000000882b16c8}: com/android/build/gradle/internal/api/BaseVariantOutputImplCustomizer> (0x00000000882b16c8) thrown at [./src/hotspot/share/classfile/systemDictionary.cpp, line 231]
Event: 29.466 Thread 0x000001c256a1e800 Exception <a 'java/lang/ClassNotFoundException'{0x00000000882e01b8}: com/android/build/gradle/internal/api/ApkVariantOutputImplCustomizer> (0x00000000882e01b8) thrown at [./src/hotspot/share/classfile/systemDictionary.cpp, line 231]
Event: 29.467 Thread 0x000001c256a1e800 Exception <a 'java/lang/ClassNotFoundException'{0x000000008810b800}: com/android/build/gradle/internal/api/ApkVariantOutputImpl_DecoratedCustomizer> (0x000000008810b800) thrown at [./src/hotspot/share/classfile/systemDictionary.cpp, line 231]
Event: 29.620 Thread 0x000001c256a1e800 Exception <a 'java/lang/ClassNotFoundException'{0x0000000087ffabc8}: com/android/build/gradle/internal/api/ReadOnlyBuildTypeBeanInfo> (0x0000000087ffabc8) thrown at [./src/hotspot/share/classfile/systemDictionary.cpp, line 231]
Event: 29.621 Thread 0x000001c256a1e800 Exception <a 'java/lang/ClassNotFoundException'{0x0000000087e16500}: com/android/build/gradle/internal/api/ReadOnlyBaseConfigBeanInfo> (0x0000000087e16500) thrown at [./src/hotspot/share/classfile/systemDictionary.cpp, line 231]
Event: 29.621 Thread 0x000001c256a1e800 Exception <a 'java/lang/ClassNotFoundException'{0x0000000087e31fb8}: com/android/build/gradle/internal/api/ReadOnlyBaseConfigCustomizer> (0x0000000087e31fb8) thrown at [./src/hotspot/share/classfile/systemDictionary.cpp, line 231]
Event: 29.623 Thread 0x000001c256a1e800 Exception <a 'java/lang/ClassNotFoundException'{0x0000000087e5d8a0}: com/android/build/gradle/internal/api/ReadOnlyBuildTypeCustomizer> (0x0000000087e5d8a0) thrown at [./src/hotspot/share/classfile/systemDictionary.cpp, line 231]

Events (20 events):
Event: 30.239 loading class org/jetbrains/kotlin/gradle/internal/AndroidSubplugin$applyToCompilation$addVariant$2
Event: 30.239 loading class org/jetbrains/kotlin/gradle/internal/AndroidSubplugin$applyToCompilation$addVariant$2 done
Event: 30.240 loading class org/jetbrains/kotlin/gradle/internal/AndroidSubplugin$applyToCompilation$2
Event: 30.240 loading class org/jetbrains/kotlin/gradle/internal/AndroidSubplugin$applyToCompilation$2 done
Event: 30.240 loading class org/jetbrains/kotlin/gradle/plugin/SubpluginEnvironment$addSubpluginOptions$compilerOptions$1
Event: 30.240 loading class org/jetbrains/kotlin/gradle/plugin/SubpluginEnvironment$addSubpluginOptions$compilerOptions$1 done
Event: 30.241 loading class org/jetbrains/kotlin/gradle/plugin/SubpluginEnvironment$addSubpluginOptions$configureKotlinTask$1
Event: 30.241 loading class org/jetbrains/kotlin/gradle/plugin/SubpluginEnvironment$addSubpluginOptions$configureKotlinTask$1 done
Event: 30.242 loading class org/jetbrains/kotlin/gradle/plugin/SubpluginEnvironmentKt$sam$org_gradle_api_Action$0
Event: 30.242 loading class org/jetbrains/kotlin/gradle/plugin/SubpluginEnvironmentKt$sam$org_gradle_api_Action$0 done
Event: 30.242 loading class org/jetbrains/kotlin/gradle/targets/js/ir/KotlinJsIrCompilation
Event: 30.242 loading class org/jetbrains/kotlin/gradle/targets/js/ir/KotlinJsIrCompilation done
Event: 30.243 loading class org/jetbrains/kotlin/gradle/plugin/mpp/KotlinJsCompilation
Event: 30.243 loading class org/jetbrains/kotlin/gradle/plugin/mpp/KotlinJsCompilation done
Event: 30.251 loading class org/jetbrains/kotlin/gradle/plugin/mpp/internal/KotlinCompilationsModuleGroups
Event: 30.251 loading class org/jetbrains/kotlin/gradle/plugin/mpp/internal/KotlinCompilationsModuleGroups done
Event: 30.253 loading class org/jetbrains/kotlin/gradle/plugin/mpp/internal/KotlinCompilationsModuleGroups$Companion
Event: 30.253 loading class org/jetbrains/kotlin/gradle/plugin/mpp/internal/KotlinCompilationsModuleGroups$Companion done
Event: 30.256 loading class com/android/build/api/component/impl/ComponentImpl$getJavaClasspathArtifacts$1$testedAllClasses$1
Event: 30.256 loading class com/android/build/api/component/impl/ComponentImpl$getJavaClasspathArtifacts$1$testedAllClasses$1 done


Dynamic libraries:
0x00007ff6135f0000 - 0x00007ff6135fa000 	C:\Program Files\Android\Android Studio\jre\bin\java.exe
0x00007ffb9f590000 - 0x00007ffb9f785000 	C:\Windows\SYSTEM32\ntdll.dll
0x00007ffb9df00000 - 0x00007ffb9dfbd000 	C:\Windows\System32\KERNEL32.DLL
0x00007ffb9ce20000 - 0x00007ffb9d0ed000 	C:\Windows\System32\KERNELBASE.dll
0x00007ffb9d0f0000 - 0x00007ffb9d1f0000 	C:\Windows\System32\ucrtbase.dll
0x00007ffb98260000 - 0x00007ffb98279000 	C:\Program Files\Android\Android Studio\jre\bin\jli.dll
0x00007ffb9e3f0000 - 0x00007ffb9e590000 	C:\Windows\System32\USER32.dll
0x00007ffb9d1f0000 - 0x00007ffb9d212000 	C:\Windows\System32\win32u.dll
0x00007ffb9e780000 - 0x00007ffb9e7aa000 	C:\Windows\System32\GDI32.dll
0x00007ffb9d4d0000 - 0x00007ffb9d5db000 	C:\Windows\System32\gdi32full.dll
0x00007ffb9cd30000 - 0x00007ffb9cdcd000 	C:\Windows\System32\msvcp_win.dll
0x00007ffb97ac0000 - 0x00007ffb97ad7000 	C:\Program Files\Android\Android Studio\jre\bin\VCRUNTIME140.dll
0x00007ffb8e1a0000 - 0x00007ffb8e43a000 	C:\Windows\WinSxS\amd64_microsoft.windows.common-controls_6595b64144ccf1df_6.0.19041.1110_none_60b5254171f9507e\COMCTL32.dll
0x00007ffb9e590000 - 0x00007ffb9e62e000 	C:\Windows\System32\msvcrt.dll
0x00007ffb9e6f0000 - 0x00007ffb9e720000 	C:\Windows\System32\IMM32.DLL
0x00007ffb7b100000 - 0x00007ffb7b19d000 	C:\Program Files\Android\Android Studio\jre\bin\msvcp140.dll
0x00007ffb6afc0000 - 0x00007ffb6baa5000 	C:\Program Files\Android\Android Studio\jre\bin\server\jvm.dll
0x00007ffb9f260000 - 0x00007ffb9f30e000 	C:\Windows\System32\ADVAPI32.dll
0x00007ffb9dd30000 - 0x00007ffb9ddcc000 	C:\Windows\System32\sechost.dll
0x00007ffb9e210000 - 0x00007ffb9e335000 	C:\Windows\System32\RPCRT4.dll
0x00007ffb9f460000 - 0x00007ffb9f468000 	C:\Windows\System32\PSAPI.DLL
0x00007ffb6afb0000 - 0x00007ffb6afb9000 	C:\Windows\SYSTEM32\WSOCK32.dll
0x00007ffb9e860000 - 0x00007ffb9e8cb000 	C:\Windows\System32\WS2_32.dll
0x00007ffb87e30000 - 0x00007ffb87e57000 	C:\Windows\SYSTEM32\WINMM.dll
0x00007ffb8c580000 - 0x00007ffb8c58a000 	C:\Windows\SYSTEM32\VERSION.dll
0x00007ffb9aba0000 - 0x00007ffb9abb2000 	C:\Windows\SYSTEM32\kernel.appcore.dll
0x00007ffb6af90000 - 0x00007ffb6afa1000 	C:\Program Files\Android\Android Studio\jre\bin\verify.dll
0x00007ffb8b830000 - 0x00007ffb8ba14000 	C:\Windows\SYSTEM32\DBGHELP.DLL
0x00007ffb8b0c0000 - 0x00007ffb8b0ec000 	C:\Windows\SYSTEM32\dbgcore.DLL
0x00007ffb9cca0000 - 0x00007ffb9cd22000 	C:\Windows\System32\bcryptPrimitives.dll
0x00007ffb6af60000 - 0x00007ffb6af89000 	C:\Program Files\Android\Android Studio\jre\bin\java.dll
0x00007ffb6af50000 - 0x00007ffb6af5b000 	C:\Program Files\Android\Android Studio\jre\bin\jimage.dll
0x00007ffb6af30000 - 0x00007ffb6af48000 	C:\Program Files\Android\Android Studio\jre\bin\zip.dll
0x00007ffb9d5e0000 - 0x00007ffb9dd24000 	C:\Windows\System32\SHELL32.dll
0x00007ffb9ada0000 - 0x00007ffb9b534000 	C:\Windows\SYSTEM32\windows.storage.dll
0x00007ffb9e8d0000 - 0x00007ffb9ec24000 	C:\Windows\System32\combase.dll
0x00007ffb9c630000 - 0x00007ffb9c65c000 	C:\Windows\SYSTEM32\Wldp.dll
0x00007ffb9e340000 - 0x00007ffb9e3ed000 	C:\Windows\System32\SHCORE.dll
0x00007ffb9f310000 - 0x00007ffb9f365000 	C:\Windows\System32\shlwapi.dll
0x00007ffb9cbe0000 - 0x00007ffb9cbff000 	C:\Windows\SYSTEM32\profapi.dll
0x00007ffb6aeb0000 - 0x00007ffb6aeca000 	C:\Program Files\Android\Android Studio\jre\bin\net.dll
0x00007ffb8fe90000 - 0x00007ffb8ff9a000 	C:\Windows\SYSTEM32\WINHTTP.dll
0x00007ffb9c390000 - 0x00007ffb9c3fa000 	C:\Windows\system32\mswsock.dll
0x00007ffb6ae90000 - 0x00007ffb6aea4000 	C:\Program Files\Android\Android Studio\jre\bin\nio.dll
0x00007ffb97ae0000 - 0x00007ffb97b07000 	C:\Users\Admin\.gradle\native\e1d6ef7f7dcc3fd88c89a11ec53ec762bb8ba0a96d01ffa2cd45eb1d1d8dd5c5\windows-amd64\native-platform.dll
0x00007ffb7afb0000 - 0x00007ffb7b0f4000 	C:\Users\Admin\.gradle\native\5664cfc778a61ccfe75a443a1ab52a65af34e5dc3c78e0209fed803814484fcb\windows-amd64\native-platform-file-events.dll
0x00007ffb6ab30000 - 0x00007ffb6ab3a000 	C:\Program Files\Android\Android Studio\jre\bin\management.dll
0x00007ffb6ab20000 - 0x00007ffb6ab2d000 	C:\Program Files\Android\Android Studio\jre\bin\management_ext.dll
0x00007ffb9c580000 - 0x00007ffb9c598000 	C:\Windows\SYSTEM32\CRYPTSP.dll
0x00007ffb9bd10000 - 0x00007ffb9bd44000 	C:\Windows\system32\rsaenh.dll
0x00007ffb9d220000 - 0x00007ffb9d247000 	C:\Windows\System32\bcrypt.dll
0x00007ffb9cba0000 - 0x00007ffb9cbce000 	C:\Windows\SYSTEM32\USERENV.dll
0x00007ffb9c5a0000 - 0x00007ffb9c5ac000 	C:\Windows\SYSTEM32\CRYPTBASE.dll
0x00007ffb9c080000 - 0x00007ffb9c0bb000 	C:\Windows\SYSTEM32\IPHLPAPI.DLL
0x00007ffb9e200000 - 0x00007ffb9e208000 	C:\Windows\System32\NSI.dll
0x00007ffb950b0000 - 0x00007ffb950c7000 	C:\Windows\SYSTEM32\dhcpcsvc6.DLL
0x00007ffb95de0000 - 0x00007ffb95dfd000 	C:\Windows\SYSTEM32\dhcpcsvc.DLL
0x00007ffb9c0c0000 - 0x00007ffb9c18b000 	C:\Windows\SYSTEM32\DNSAPI.dll

dbghelp: loaded successfully - version: 4.0.5 - missing functions: none
symbol engine: initialized successfully - sym options: 0x614 - pdb path: .;C:\Program Files\Android\Android Studio\jre\bin;C:\Windows\SYSTEM32;C:\Windows\WinSxS\amd64_microsoft.windows.common-controls_6595b64144ccf1df_6.0.19041.1110_none_60b5254171f9507e;C:\Program Files\Android\Android Studio\jre\bin\server;C:\Users\Admin\.gradle\native\e1d6ef7f7dcc3fd88c89a11ec53ec762bb8ba0a96d01ffa2cd45eb1d1d8dd5c5\windows-amd64;C:\Users\Admin\.gradle\native\5664cfc778a61ccfe75a443a1ab52a65af34e5dc3c78e0209fed803814484fcb\windows-amd64

VM Arguments:
jvm_args: --add-opens=java.base/java.util=ALL-UNNAMED --add-opens=java.base/java.lang=ALL-UNNAMED --add-opens=java.base/java.lang.invoke=ALL-UNNAMED --add-opens=java.base/java.util=ALL-UNNAMED --add-opens=java.prefs/java.util.prefs=ALL-UNNAMED --add-opens=java.prefs/java.util.prefs=ALL-UNNAMED --add-opens=java.base/java.nio.charset=ALL-UNNAMED --add-opens=java.base/java.net=ALL-UNNAMED --add-opens=java.base/java.util.concurrent.atomic=ALL-UNNAMED -Xmx2048m -Dfile.encoding=UTF-8 -Duser.country=US -Duser.language=en -Duser.variant 
java_command: org.gradle.launcher.daemon.bootstrap.GradleDaemon 7.3.3
java_class_path (initial): C:\Users\Admin\.gradle\wrapper\dists\gradle-7.3.3-bin\6a41zxkdtcxs8rphpq6y0069z\gradle-7.3.3\lib\gradle-launcher-7.3.3.jar
Launcher Type: SUN_STANDARD

[Global flags]
     intx CICompilerCount                          = 3                                         {product} {ergonomic}
     uint ConcGCThreads                            = 1                                         {product} {ergonomic}
     uint G1ConcRefinementThreads                  = 4                                         {product} {ergonomic}
   size_t G1HeapRegionSize                         = 1048576                                   {product} {ergonomic}
    uintx GCDrainStackTargetSize                   = 64                                        {product} {ergonomic}
   size_t InitialHeapSize                          = 132120576                                 {product} {ergonomic}
   size_t MarkStackSize                            = 4194304                                   {product} {ergonomic}
   size_t MaxHeapSize                              = 2147483648                                {product} {command line}
   size_t MaxNewSize                               = 1287651328                                {product} {ergonomic}
   size_t MinHeapDeltaBytes                        = 1048576                                   {product} {ergonomic}
    uintx NonNMethodCodeHeapSize                   = 5830732                                {pd product} {ergonomic}
    uintx NonProfiledCodeHeapSize                  = 122913754                              {pd product} {ergonomic}
    uintx ProfiledCodeHeapSize                     = 122913754                              {pd product} {ergonomic}
    uintx ReservedCodeCacheSize                    = 251658240                              {pd product} {ergonomic}
     bool SegmentedCodeCache                       = true                                      {product} {ergonomic}
     bool UseCompressedClassPointers               = true                                 {lp64_product} {ergonomic}
     bool UseCompressedOops                        = true                                 {lp64_product} {ergonomic}
     bool UseG1GC                                  = true                                      {product} {ergonomic}
     bool UseLargePagesIndividualAllocation        = false                                  {pd product} {ergonomic}

Logging:
Log output configuration:
 #0: stdout all=warning uptime,level,tags
 #1: stderr all=off uptime,level,tags

Environment Variables:
PATH=C:\Windows\system32;C:\Windows;C:\Windows\System32\Wbem;C:\Windows\System32\WindowsPowerShell\v1.0\;C:\Windows\System32\OpenSSH\;C:\Program Files\MySQL\MySQL Shell 8.0\bin\;C:\Users\Admin\AppData\Local\Microsoft\WindowsApps;;C:\Program Files\JetBrains\IntelliJ IDEA Community Edition 2022.2\bin;
USERNAME=Admin
OS=Windows_NT
PROCESSOR_IDENTIFIER=Intel64 Family 6 Model 58 Stepping 9, GenuineIntel



---------------  S Y S T E M  ---------------

OS: Windows 10 , 64 bit Build 19041 (10.0.19041.1706)
OS uptime: 0 days 0:04 hours

CPU:total 4 (initial active 4) (2 cores per cpu, 2 threads per core) family 6 model 58 stepping 9 microcode 0x21, cmov, cx8, fxsr, mmx, sse, sse2, sse3, ssse3, sse4.1, sse4.2, popcnt, avx, aes, clmul, erms, ht, tsc, tscinvbit, tscinv

Memory: 4k page, system-wide physical 8060M (1272M free)
TotalPageFile size 10748M (AvailPageFile size 3237M)
current process WorkingSet (physical memory assigned to process): 377M, peak: 377M
current process commit charge ("private bytes"): 414M, peak: 414M

vm_info: OpenJDK 64-Bit Server VM (11.0.12+7-b1504.28-7817840) for windows-amd64 JRE (11.0.12+7-b1504.28-7817840), built on Oct 13 2021 22:12:33 by "builder" with MS VC++ 14.0 (VS2015)

END.
